<?xml version="1.0" encoding="UTF-8"?>
<!-- Generated by org.testng.reporters.JUnitXMLReporter -->
<testsuite hostname="Mehmets-iMac.local" name="hub spot Sanity Test" tests="4" failures="0" timestamp="3 Dec 2019 00:12:37 GMT" time="43.333" errors="0">
  <testcase name="loginTest" time="7.566" classname="com.hubspot.tests.LoginTest"/>
  <testcase name="loginTest1" time="3.536" classname="com.hubspot.tests.LoginTest"/>
  <testcase name="loginTest2" time="3.513" classname="com.hubspot.tests.LoginTest"/>
  <testcase name="loginPageTitleTest" time="0.198" classname="com.hubspot.tests.LoginTest"/>
</testsuite> <!-- hub spot Sanity Test -->
