<?xml version="1.0" encoding="UTF-8"?>
<testsuite xmlns:xsi="http://www.w3.org/2001/XMLSchema-instance" xsi:noNamespaceSchemaLocation="https://maven.apache.org/surefire/maven-surefire-plugin/xsd/surefire-test-report.xsd" name="TestSuite" time="34.945" tests="4" errors="0" skipped="0" failures="1">
  <properties>
[...]
</properties>
  <testcase name="loginTest" classname="com.hubspot.tests.LoginTest" time="4.6"/>
  <testcase name="loginTest1" classname="com.hubspot.tests.LoginTest" time="0.515"/>
  <testcase name="loginTest2" classname="com.hubspot.tests.LoginTest" time="0.515"/>
  <testcase name="loginPageTitleTest" classname="com.hubspot.tests.LoginTest" time="0.042">
    <failure message="HubSpot Login expected:&lt;HubSpot Login&gt; but was:&lt;title is in correct...&gt;" type="java.lang.AssertionError"><![CDATA[java.lang.AssertionError: HubSpot Login expected:<HubSpot Login> but was:<title is in correct...>
	at com.hubspot.tests.LoginTest.loginPageTitleTest(LoginTest.java:60)
]]></failure>
    <system-out><![CDATA[I am in onTestSuccess method loginTest2 succeed
I am in onTestStart method loginPageTitleTest start
I am in onTestStart method loginPageTitleTest start
HubSpot Login
I am in onTestFailure method loginPageTitleTest failed
]]></system-out>
    <system-err><![CDATA[27853 [main] INFO io.github.bonigarcia.wdm.WebDriverManager - Using chromedriver 77.0.3865.40 (since Google Chrome 77 is installed in your machine)
27857 [main] INFO io.github.bonigarcia.wdm.WebDriverManager - Exporting webdriver.chrome.driver as /Users/ilhanturkmen/.m2/repository/webdriver/chromedriver/mac64/77.0.3865.40/chromedriver
Starting ChromeDriver 77.0.3865.40 (f484704e052e0b556f8030b65b953dce96503217-refs/branch-heads/3865@{#442}) on port 12577
Only local connections are allowed.
Please protect ports used by ChromeDriver and related test frameworks to prevent access by malicious code.
Oct 12, 2019 5:17:31 PM org.openqa.selenium.remote.ProtocolHandshake createSession
INFO: Detected dialect: W3C
]]></system-err>
  </testcase>
</testsuite>